[debug] [2025-10-17T03:45:48.794Z] ----------------------------------------------------------------------
[debug] [2025-10-17T03:45:48.796Z] Command:       C:\Program Files\nodejs\node.exe C:\Users\1958M\AppData\Roaming\npm\node_modules\firebase-tools\lib\bin\firebase.js init hosting
[debug] [2025-10-17T03:45:48.797Z] CLI Version:   14.19.1
[debug] [2025-10-17T03:45:48.797Z] Platform:      win32
[debug] [2025-10-17T03:45:48.797Z] Node Version:  v22.15.1
[debug] [2025-10-17T03:45:48.797Z] Time:          Thu Oct 16 2025 20:45:48 GMT-0700 (Pacific Daylight Time)
[debug] [2025-10-17T03:45:48.797Z] ----------------------------------------------------------------------
[debug] 
[info] 
     ######## #### ########  ######## ########     ###     ######  ########
     ##        ##  ##     ## ##       ##     ##  ##   ##  ##       ##
     ######    ##  ########  ######   ########  #########  ######  ######
     ##        ##  ##    ##  ##       ##     ## ##     ##       ## ##
     ##       #### ##     ## ######## ########  ##     ##  ######  ########

You're about to initialize a Firebase project in this directory:

  C:\Users\1958M\OneDrive\Desktop\Server-Side Web Dev\Week08\Week08

Before we get started, keep in mind:

  * You are initializing within an existing Firebase project directory

[info] 
=== Project Setup
[info] 
[info] First, let's associate this project directory with a Firebase project.
[info] You can create multiple project aliases by running firebase use --add, 
[info] 
[debug] [2025-10-17T03:45:52.941Z] > command requires scopes: ["email","openid","https://www.googleapis.com/auth/cloudplatformprojects.readonly","https://www.googleapis.com/auth/firebase","https://www.googleapis.com/auth/cloud-platform"]
[debug] [2025-10-17T03:45:52.941Z] > authorizing via signed-in user (1958melanie.castillo@gmail.com)
[debug] [2025-10-17T03:45:52.943Z] Checked if tokens are valid: true, expires at: 1760676274557
[debug] [2025-10-17T03:45:52.943Z] Checked if tokens are valid: true, expires at: 1760676274557
[debug] [2025-10-17T03:45:52.944Z] >>> [apiv2][query] GET https://firebase.googleapis.com/v1beta1/projects/friendlyeats-codelab-2c405 [none]
[debug] [2025-10-17T03:45:53.195Z] <<< [apiv2][status] GET https://firebase.googleapis.com/v1beta1/projects/friendlyeats-codelab-2c405 200
[debug] [2025-10-17T03:45:53.195Z] <<< [apiv2][body] GET https://firebase.googleapis.com/v1beta1/projects/friendlyeats-codelab-2c405 {"projectId":"friendlyeats-codelab-2c405","projectNumber":"877444130324","displayName":"FriendlyEats Codelab","name":"projects/friendlyeats-codelab-2c405","resources":{"hostingSite":"friendlyeats-codelab-2c405"},"state":"ACTIVE","etag":"1_efaedad6-9d0c-4d12-953d-fac76a50eb5f"}
[info] i  Using project friendlyeats-codelab-2c405 (FriendlyEats Codelab) . 
[info] 
=== Hosting Setup
[debug] [2025-10-17T03:45:53.315Z] Checked if tokens are valid: true, expires at: 1760676274557
[debug] [2025-10-17T03:45:53.315Z] Checked if tokens are valid: true, expires at: 1760676274557
[debug] [2025-10-17T03:45:53.315Z] >>> [apiv2][query] GET https://firebase.googleapis.com/v1beta1/projects/friendlyeats-codelab-2c405 [none]
[debug] [2025-10-17T03:45:53.468Z] <<< [apiv2][status] GET https://firebase.googleapis.com/v1beta1/projects/friendlyeats-codelab-2c405 200
[debug] [2025-10-17T03:45:53.468Z] <<< [apiv2][body] GET https://firebase.googleapis.com/v1beta1/projects/friendlyeats-codelab-2c405 {"projectId":"friendlyeats-codelab-2c405","projectNumber":"877444130324","displayName":"FriendlyEats Codelab","name":"projects/friendlyeats-codelab-2c405","resources":{"hostingSite":"friendlyeats-codelab-2c405"},"state":"ACTIVE","etag":"1_efaedad6-9d0c-4d12-953d-fac76a50eb5f"}
[info] 
[info] Your public directory is the folder (relative to your project directory) that
[info] will contain Hosting assets to be uploaded with firebase deploy. If you
[info] have a build process for your assets, use your build's output directory.
[info] 
